Build started 06-Feb-16 9:59:49 AM.
     1>Project "C:\Users\Student\documents\visual studio 2010\Projects\superman\superman\superman.vcxproj" on node 2 (build target(s)).
     1>InitializeBuildStatus:
         Creating "Debug\superman.unsuccessfulbuild" because "AlwaysCreate" was specified.
       ClCompile:
         C:\Program Files (x86)\Microsoft Visual Studio 10.0\VC\bin\CL.exe /c /ZI /nologo /W3 /WX- /Od /Oy- /D _MBCS /Gm /EHsc /RTC1 /MDd /GS /fp:precise /Zc:wchar_t /Zc:forScope /Fo"Debug\\" /Fd"Debug\vc100.pdb" /Gd /TP /analyze- /errorReport:prompt iMain.cpp
         iMain.cpp
     1>c:\users\student\documents\visual studio 2010\projects\superman\superman\igraphics.h(104): warning C4101: 'k' : unreferenced local variable
       Link:
         C:\Program Files (x86)\Microsoft Visual Studio 10.0\VC\bin\link.exe /ERRORREPORT:PROMPT /OUT:"C:\Users\Student\documents\visual studio 2010\Projects\superman\Debug\superman.exe" /NOLOGO kernel32.lib user32.lib gdi32.lib winspool.lib comdlg32.lib advapi32.lib shell32.lib ole32.lib oleaut32.lib uuid.lib odbc32.lib odbccp32.lib /MANIFEST /ManifestFile:"Debug\superman.exe.intermediate.manifest" /MANIFESTUAC:"level='asInvoker' uiAccess='false'" /DEBUG /PDB:"C:\Users\Student\documents\visual studio 2010\Projects\superman\Debug\superman.pdb" /TLBID:1 /DYNAMICBASE /NXCOMPAT /IMPLIB:"C:\Users\Student\documents\visual studio 2010\Projects\superman\Debug\superman.lib" /MACHINE:X86 Debug\iMain.obj
         LINK : C:\Users\Student\documents\visual studio 2010\Projects\superman\Debug\superman.exe not found or not built by the last incremental link; performing full link
         superman.vcxproj -> C:\Users\Student\documents\visual studio 2010\Projects\superman\Debug\superman.exe
       Manifest:
         C:\Program Files (x86)\Microsoft SDKs\Windows\v7.0A\bin\mt.exe /nologo /verbose /outputresource:"C:\Users\Student\documents\visual studio 2010\Projects\superman\Debug\superman.exe;#1" /manifest Debug\superman.exe.intermediate.manifest
       FinalizeBuildStatus:
         Deleting file "Debug\superman.unsuccessfulbuild".
         Touching "Debug\superman.lastbuildstate".
     1>Done Building Project "C:\Users\Student\documents\visual studio 2010\Projects\superman\superman\superman.vcxproj" (build target(s)).

Build succeeded.

Time Elapsed 00:00:00.71
